[debug] [2022-11-06T14:33:34.022Z] ----------------------------------------------------------------------
[debug] [2022-11-06T14:33:34.025Z] Command:       C:\Program Files\nodejs\node.exe C:\Users\kisha\AppData\Roaming\npm\node_modules\firebase-tools\lib\bin\firebase.js init hosting
[debug] [2022-11-06T14:33:34.025Z] CLI Version:   11.16.0
[debug] [2022-11-06T14:33:34.025Z] Platform:      win32
[debug] [2022-11-06T14:33:34.025Z] Node Version:  v16.16.0
[debug] [2022-11-06T14:33:34.026Z] Time:          Sun Nov 06 2022 20:03:34 GMT+0530 (India Standard Time)
[debug] [2022-11-06T14:33:34.027Z] ----------------------------------------------------------------------
[debug] 
[debug] [2022-11-06T14:33:34.036Z] > command requires scopes: ["email","openid","https://www.googleapis.com/auth/cloudplatformprojects.readonly","https://www.googleapis.com/auth/firebase","https://www.googleapis.com/auth/cloud-platform"]
[debug] [2022-11-06T14:33:34.036Z] > authorizing via signed-in user (kishanverma1208143@gmail.com)
[info] 
     ######## #### ########  ######## ########     ###     ######  ########
     ##        ##  ##     ## ##       ##     ##  ##   ##  ##       ##
     ######    ##  ########  ######   ########  #########  ######  ######
     ##        ##  ##    ##  ##       ##     ## ##     ##       ## ##
     ##       #### ##     ## ######## ########  ##     ##  ######  ########

You're about to initialize a Firebase project in this directory:

  C:\Users\kisha\OneDrive\Desktop\my-app

[info] 
=== Project Setup
[info] 
[info] First, let's associate this project directory with a Firebase project.
[info] You can create multiple project aliases by running firebase use --add, 
[info] but for now we'll just set up a default project.
[info] 
[debug] [2022-11-06T14:34:10.463Z] > refreshing access token with scopes: []
[debug] [2022-11-06T14:34:10.468Z] >>> [apiv2][query] POST https://www.googleapis.com/oauth2/v3/token [none]
[debug] [2022-11-06T14:34:10.468Z] >>> [apiv2][body] POST https://www.googleapis.com/oauth2/v3/token [omitted]
[debug] [2022-11-06T14:34:10.837Z] <<< [apiv2][status] POST https://www.googleapis.com/oauth2/v3/token 200
[debug] [2022-11-06T14:34:10.837Z] <<< [apiv2][body] POST https://www.googleapis.com/oauth2/v3/token [omitted]
[debug] [2022-11-06T14:34:10.869Z] >>> [apiv2][query] GET https://firebase.googleapis.com/v1beta1/availableProjects pageSize=100
[debug] [2022-11-06T14:34:11.964Z] <<< [apiv2][status] GET https://firebase.googleapis.com/v1beta1/availableProjects 200
[debug] [2022-11-06T14:34:11.964Z] <<< [apiv2][body] GET https://firebase.googleapis.com/v1beta1/availableProjects [omitted]
[debug] [2022-11-06T14:35:48.177Z] >>> [apiv2][query] POST https://firebase.googleapis.com/v1beta1/projects/secrets-362413:addFirebase [none]
[debug] [2022-11-06T14:35:48.935Z] <<< [apiv2][status] POST https://firebase.googleapis.com/v1beta1/projects/secrets-362413:addFirebase 403
[debug] [2022-11-06T14:35:48.935Z] <<< [apiv2][body] POST https://firebase.googleapis.com/v1beta1/projects/secrets-362413:addFirebase {"error":{"code":403,"message":"The caller does not have permission","status":"PERMISSION_DENIED"}}
[debug] [2022-11-06T14:35:48.937Z] HTTP Error: 403, The caller does not have permission
[debug] [2022-11-06T14:35:49.244Z] FirebaseError: HTTP Error: 403, The caller does not have permission
    at responseToError (C:\Users\kisha\AppData\Roaming\npm\node_modules\firebase-tools\lib\responseToError.js:49:12)
    at RetryOperation._fn (C:\Users\kisha\AppData\Roaming\npm\node_modules\firebase-tools\lib\apiv2.js:288:77)
    at processTicksAndRejections (node:internal/process/task_queues:96:5)
[error] 
[error] Error: Failed to add Firebase to Google Cloud Platform project. See firebase-debug.log for more info.
